yarn run v1.22.22
$ tsc
src/app/errors/handleClientError.ts(2,38): error TS2307: Cannot find module '../interfaces/error' or its corresponding type declarations.
src/app/errors/handleValidationError.ts(2,39): error TS2307: Cannot find module '../interfaces/common' or its corresponding type declarations.
src/app/errors/handleZodError.ts(2,39): error TS2307: Cannot find module '../interfaces/common' or its corresponding type declarations.
src/app/errors/handleZodError.ts(3,38): error TS2307: Cannot find module '../interfaces/error' or its corresponding type declarations.
src/app/middlewares/globalErrorHandler.ts(7,38): error TS2307: Cannot find module '../interfaces/error' or its corresponding type declarations.
src/app/middlewares/redisLimit.ts(11,58): error TS2556: A spread argument must either have a tuple type or be passed to a rest parameter.
src/app/modules/admin/admin.routes.ts(2,30): error TS2307: Cannot find module '../../middlewares/auth.middleware' or its corresponding type declarations.
src/app/modules/admin/admin.service.ts(1,20): error TS2307: Cannot find module '../../config/db' or its corresponding type declarations.
src/app/modules/Auth/auth.controller.ts(53,92): error TS2345: Argument of type 'string | undefined' is not assignable to parameter of type 'string'.
  Type 'undefined' is not assignable to type 'string'.
src/app/modules/Auth/auth.service.ts(248,5): error TS2345: Argument of type 'number | StringValue | undefined' is not assignable to parameter of type 'string'.
  Type 'undefined' is not assignable to type 'string'.
src/app/modules/notifications/notification.controller.ts(2,20): error TS2307: Cannot find module '../../server' or its corresponding type declarations.
src/app/modules/notifications/notification.routes.ts(2,30): error TS2307: Cannot find module '../../middlewares/auth.middleware' or its corresponding type declarations.
src/app/modules/notifications/notification.service.ts(2,24): error TS2307: Cannot find module 'socket.io' or its corresponding type declarations.
src/app/modules/notifications/notification.service.ts(3,20): error TS2307: Cannot find module '../../config/db' or its corresponding type declarations.
src/app/modules/notifications/notification.service.ts(4,21): error TS2307: Cannot find module '../../config/env' or its corresponding type declarations.
src/app/modules/notifications/notification.service.ts(5,26): error TS2307: Cannot find module '../../config/mailer' or its corresponding type declarations.
src/app/modules/payments/payment.controller.ts(2,21): error TS2307: Cannot find module '../../config/env' or its corresponding type declarations.
src/app/modules/payments/payment.controller.ts(3,24): error TS2307: Cannot find module '../../config/stripe' or its corresponding type declarations.
src/app/modules/payments/payment.routes.ts(2,30): error TS2307: Cannot find module '../../middlewares/auth.middleware' or its corresponding type declarations.
src/app/modules/payments/payment.service.ts(1,20): error TS2307: Cannot find module '../../config/db' or its corresponding type declarations.
src/app/modules/payments/payment.service.ts(2,24): error TS2307: Cannot find module '../../config/stripe' or its corresponding type declarations.
src/app/modules/profile/profile.controller.ts(2,24): error TS2307: Cannot find module '@/app/utils/catchAsync' or its corresponding type declarations.
src/app/modules/profile/profile.controller.ts(3,26): error TS2307: Cannot find module '@/app/utils/sendResponse' or its corresponding type declarations.
src/app/modules/profile/profile.service.ts(11,7): error TS2353: Object literal may only specify known properties, and 'status' does not exist in type 'UserWhereUniqueInput'.
src/app/modules/Users/user.controller.ts(4,26): error TS2307: Cannot find module '../../../utils/sendResponse' or its corresponding type declarations.
src/app/modules/Users/user.controller.ts(5,24): error TS2307: Cannot find module '../../../utils/catchAsync' or its corresponding type declarations.
src/app/modules/Users/user.service.ts(5,22): error TS2307: Cannot find module '../../../errors/ApiErrors' or its corresponding type declarations.
src/app/modules/Users/user.service.ts(6,31): error TS2307: Cannot find module '../../../helpars/emailtempForOTP' or its corresponding type declarations.
src/app/modules/Users/user.service.ts(7,28): error TS2307: Cannot find module '../../../helpars/jwtHelpers' or its corresponding type declarations.
src/app/modules/Users/user.service.ts(8,20): error TS2307: Cannot find module '../../../shared/prisma' or its corresponding type declarations.
src/app/modules/Users/user.service.ts(9,31): error TS2307: Cannot find module '../../../utils/generateToken' or its corresponding type declarations.
src/app/modules/Users/user.service.ts(10,36): error TS2307: Cannot find module '../../../utils/generateTokenForReset' or its corresponding type declarations.
src/app/modules/Users/user.service.ts(11,30): error TS2307: Cannot find module '../../../utils/sentEmailUtility' or its corresponding type declarations.
src/app/modules/Users/user.service.ts(12,20): error TS2307: Cannot find module 'stripe' or its corresponding type declarations.
src/app/utils/emailSender.ts(2,20): error TS2307: Cannot find module '../config' or its corresponding type declarations.
src/app/utils/generateToken.ts(15,21): error TS2769: No overload matches this call.
  Overload 1 of 5, '(payload: string | object | Buffer<ArrayBufferLike>, secretOrPrivateKey: null, options?: (SignOptions & { algorithm: "none"; }) | undefined): string', gave the following error.
    Argument of type 'Secret' is not assignable to parameter of type 'null'.
      Type 'string' is not assignable to type 'null'.
  Overload 2 of 5, '(payload: string | object | Buffer<ArrayBufferLike>, secretOrPrivateKey: Secret | Buffer<ArrayBufferLike> | PrivateKeyInput | JsonWebKeyInput, options?: SignOptions | undefined): string', gave the following error.
    Type 'string' is not assignable to type 'number | StringValue | undefined'.
  Overload 3 of 5, '(payload: string | object | Buffer<ArrayBufferLike>, secretOrPrivateKey: Secret | Buffer<ArrayBufferLike> | PrivateKeyInput | JsonWebKeyInput, callback: SignCallback): void', gave the following error.
    Object literal may only specify known properties, and 'algorithm' does not exist in type 'SignCallback'.
error Command failed with exit code 2.
info Visit https://yarnpkg.com/en/docs/cli/run for documentation about this command.
